[16-Nov-2025 21:51:51 Europe/Berlin] PHP Warning:  Attempt to read property "name" on null in C:\wamp64\www\MusicPHP\app\views\albums\index.php on line 10
[16-Nov-2025 21:53:13 Europe/Berlin] PHP Fatal error:  Uncaught TypeError: Cannot assign null to property App\Models\AlbumModel::$genre_id of type int in C:\wamp64\www\MusicPHP\app\Models\Model.php:24
Stack trace:
#0 C:\wamp64\www\MusicPHP\app\Models\Model.php(83): App\Models\Model->mapToModel(Array)
#1 C:\wamp64\www\MusicPHP\app\Controllers\AlbumController.php(24): App\Models\Model->all(Array)
#2 C:\wamp64\www\MusicPHP\app\Routing\Router.php(284): App\Controllers\AlbumController->index()
#3 C:\wamp64\www\MusicPHP\app\Routing\Router.php(33): App\Routing\Router->handleGetRequests('/albums')
#4 C:\wamp64\www\MusicPHP\app\Routing\Router.php(27): App\Routing\Router->dispatch('GET', '/albums')
#5 C:\wamp64\www\MusicPHP\public\index.php(24): App\Routing\Router->handle()
#6 {main}
  thrown in C:\wamp64\www\MusicPHP\app\Models\Model.php on line 24
[16-Nov-2025 21:53:23 Europe/Berlin] PHP Fatal error:  Uncaught TypeError: Cannot assign null to property App\Models\AlbumModel::$genre_id of type int in C:\wamp64\www\MusicPHP\app\Models\Model.php:24
Stack trace:
#0 C:\wamp64\www\MusicPHP\app\Models\Model.php(83): App\Models\Model->mapToModel(Array)
#1 C:\wamp64\www\MusicPHP\app\Controllers\AlbumController.php(24): App\Models\Model->all(Array)
#2 C:\wamp64\www\MusicPHP\app\Routing\Router.php(284): App\Controllers\AlbumController->index()
#3 C:\wamp64\www\MusicPHP\app\Routing\Router.php(33): App\Routing\Router->handleGetRequests('/albums')
#4 C:\wamp64\www\MusicPHP\app\Routing\Router.php(27): App\Routing\Router->dispatch('GET', '/albums')
#5 C:\wamp64\www\MusicPHP\public\index.php(24): App\Routing\Router->handle()
#6 {main}
  thrown in C:\wamp64\www\MusicPHP\app\Models\Model.php on line 24
[16-Nov-2025 21:53:56 Europe/Berlin] PHP Fatal error:  Uncaught TypeError: Cannot assign null to property App\Models\AlbumModel::$genre_id of type int in C:\wamp64\www\MusicPHP\app\Models\Model.php:24
Stack trace:
#0 C:\wamp64\www\MusicPHP\app\Models\Model.php(83): App\Models\Model->mapToModel(Array)
#1 C:\wamp64\www\MusicPHP\app\Controllers\AlbumController.php(24): App\Models\Model->all(Array)
#2 C:\wamp64\www\MusicPHP\app\Routing\Router.php(284): App\Controllers\AlbumController->index()
#3 C:\wamp64\www\MusicPHP\app\Routing\Router.php(33): App\Routing\Router->handleGetRequests('/albums')
#4 C:\wamp64\www\MusicPHP\app\Routing\Router.php(27): App\Routing\Router->dispatch('GET', '/albums')
#5 C:\wamp64\www\MusicPHP\public\index.php(24): App\Routing\Router->handle()
#6 {main}
  thrown in C:\wamp64\www\MusicPHP\app\Models\Model.php on line 24
[16-Nov-2025 21:54:49 Europe/Berlin] PHP Warning:  Attempt to read property "name" on null in C:\wamp64\www\MusicPHP\app\views\albums\index.php on line 10
[16-Nov-2025 21:55:15 Europe/Berlin] PHP Warning:  Attempt to read property "name" on null in C:\wamp64\www\MusicPHP\app\views\albums\index.php on line 10
